[debug] [2023-12-03T08:04:42.637Z] ----------------------------------------------------------------------
[debug] [2023-12-03T08:04:42.638Z] Command:       /home/lex/.nvm/versions/node/v21.2.0/bin/node /home/lex/.nvm/versions/node/v21.2.0/bin/firebase init
[debug] [2023-12-03T08:04:42.639Z] CLI Version:   12.9.1
[debug] [2023-12-03T08:04:42.639Z] Platform:      linux
[debug] [2023-12-03T08:04:42.639Z] Node Version:  v21.2.0
[debug] [2023-12-03T08:04:42.639Z] Time:          Sun Dec 03 2023 09:04:42 GMT+0100 (Central European Standard Time)
[debug] [2023-12-03T08:04:42.639Z] ----------------------------------------------------------------------
[debug] 
[debug] [2023-12-03T08:04:42.642Z] > command requires scopes: ["email","openid","https://www.googleapis.com/auth/cloudplatformprojects.readonly","https://www.googleapis.com/auth/firebase","https://www.googleapis.com/auth/cloud-platform"]
[debug] [2023-12-03T08:04:42.643Z] > authorizing via signed-in user (matheussen.alexander@gmail.com)
[info] 
     ######## #### ########  ######## ########     ###     ######  ########
     ##        ##  ##     ## ##       ##     ##  ##   ##  ##       ##
     ######    ##  ########  ######   ########  #########  ######  ######
     ##        ##  ##    ##  ##       ##     ## ##     ##       ## ##
     ##       #### ##     ## ######## ########  ##     ##  ######  ########

You're about to initialize a Firebase project in this directory:

  /home/lex/Projects/personal/Portfolio_Frontend

[info] 
=== Project Setup
[info] 
[info] First, let's associate this project directory with a Firebase project.
[info] You can create multiple project aliases by running firebase use --add, 
[info] but for now we'll just set up a default project.
[info] 
[debug] [2023-12-03T08:04:58.693Z] >>> [apiv2][query] GET https://firebase.googleapis.com/v1beta1/projects pageSize=100
[debug] [2023-12-03T08:04:59.416Z] <<< [apiv2][status] GET https://firebase.googleapis.com/v1beta1/projects 200
[debug] [2023-12-03T08:04:59.416Z] <<< [apiv2][body] GET https://firebase.googleapis.com/v1beta1/projects [omitted]
[info] i  Using project quin-frontend (Quin Frontend) 
[info] 
=== Hosting Setup
[debug] [2023-12-03T08:05:03.900Z] >>> [apiv2][query] GET https://firebase.googleapis.com/v1beta1/projects/quin-frontend [none]
[debug] [2023-12-03T08:05:04.154Z] <<< [apiv2][status] GET https://firebase.googleapis.com/v1beta1/projects/quin-frontend 200
[debug] [2023-12-03T08:05:04.155Z] <<< [apiv2][body] GET https://firebase.googleapis.com/v1beta1/projects/quin-frontend {"projectId":"quin-frontend","projectNumber":"185189322805","displayName":"Quin Frontend","name":"projects/quin-frontend","resources":{"hostingSite":"quin-frontend"},"state":"ACTIVE","etag":"1_c2d795fb-7a2e-4c0b-bc52-93a7585072da"}
[info] 
[info] Your public directory is the folder (relative to your project directory) that
[info] will contain Hosting assets to be uploaded with firebase deploy. If you
[info] have a build process for your assets, use your build's output directory.
[info] 
[debug] [2023-12-03T08:05:46.664Z] >>> [apiv2][query] GET https://www.gstatic.com/firebasejs/releases.json [none]
[debug] [2023-12-03T08:05:46.730Z] <<< [apiv2][status] GET https://www.gstatic.com/firebasejs/releases.json 200
[debug] [2023-12-03T08:05:46.730Z] <<< [apiv2][body] GET https://www.gstatic.com/firebasejs/releases.json {"current":{"version":"10.7.0","browserURL":"https://www.gstatic.com/firebasejs/10.7.0/firebase.js","packageURL":"https://www.gstatic.com/firebasejs/10.7.0/firebase.tgz"},"live":{"version":"10.7","browserURL":"https://www.gstatic.com/firebasejs/live/10.7/firebase.js","packageURL":"https://www.gstatic.com/firebasejs/live/10.7/firebase.tgz"},"components":{"analytics":"https://www.gstatic.com/firebasejs/10.7.0/firebase-analytics.js","app":"https://www.gstatic.com/firebasejs/10.7.0/firebase-app.js","app-check":"https://www.gstatic.com/firebasejs/10.7.0/firebase-app-check.js","auth":"https://www.gstatic.com/firebasejs/10.7.0/firebase-auth.js","auth/cordova":"https://www.gstatic.com/firebasejs/10.7.0/firebase-auth/cordova.js","functions":"https://www.gstatic.com/firebasejs/10.7.0/firebase-functions.js","firestore":"https://www.gstatic.com/firebasejs/10.7.0/firebase-firestore.js","firestore/lite":"https://www.gstatic.com/firebasejs/10.7.0/firebase-firestore/lite.js","installations":"https://www.gstatic.com/firebasejs/10.7.0/firebase-installations.js","storage":"https://www.gstatic.com/firebasejs/10.7.0/firebase-storage.js","performance":"https://www.gstatic.com/firebasejs/10.7.0/firebase-performance.js","remote-config":"https://www.gstatic.com/firebasejs/10.7.0/firebase-remote-config.js","messaging":"https://www.gstatic.com/firebasejs/10.7.0/firebase-messaging.js","messaging/sw":"https://www.gstatic.com/firebasejs/10.7.0/firebase-messaging/sw.js","database":"https://www.gstatic.com/firebasejs/10.7.0/firebase-database.js","firestore.memory":"https://www.gstatic.com/firebasejs/10.7.0/firebase-firestore.memory.js"}}
[info] i  Skipping write of ./Frontend/dist/index.html 
[info] 
[info] i  Detected a .git folder at /home/lex/Projects/personal/Portfolio_Frontend 
[info] i  Authorizing with GitHub to upload your service account to a GitHub repository's secrets store. 
[info] 
[info] Visit this URL on this device to log in:
[info] https://github.com/login/oauth/authorize?client_id=89cf50f02ac6aaed3484&state=94568222&redirect_uri=http%3A%2F%2Flocalhost%3A9005&scope=read%3Auser%20repo%20public_repo
[info] 
[info] Waiting for authentication...
[debug] [2023-12-03T08:06:22.198Z] >>> [apiv2][query] POST https://github.com/login/oauth/access_token [none]
[debug] [2023-12-03T08:06:22.198Z] >>> [apiv2][body] POST https://github.com/login/oauth/access_token [stream]
[debug] [2023-12-03T08:06:22.560Z] <<< [apiv2][status] POST https://github.com/login/oauth/access_token 200
[debug] [2023-12-03T08:06:22.560Z] <<< [apiv2][body] POST https://github.com/login/oauth/access_token {"access_token":"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","token_type":"bearer","scope":"read:user,repo"}
[debug] [2023-12-03T08:06:22.572Z] >>> [apiv2][query] GET https://api.github.com/user [none]
[debug] [2023-12-03T08:06:22.845Z] <<< [apiv2][status] GET https://api.github.com/user 200
[debug] [2023-12-03T08:06:22.845Z] <<< [apiv2][body] GET https://api.github.com/user {"login":"AlexMath23","id":81980812,"node_id":"MDQ6VXNlcjgxOTgwODEy","avatar_url":"https://avatars.githubusercontent.com/u/81980812?v=4","gravatar_id":"","url":"https://api.github.com/users/AlexMath23","html_url":"https://github.com/AlexMath23","followers_url":"https://api.github.com/users/AlexMath23/followers","following_url":"https://api.github.com/users/AlexMath23/following{/other_user}","gists_url":"https://api.github.com/users/AlexMath23/gists{/gist_id}","starred_url":"https://api.github.com/users/AlexMath23/starred{/owner}{/repo}","subscriptions_url":"https://api.github.com/users/AlexMath23/subscriptions","organizations_url":"https://api.github.com/users/AlexMath23/orgs","repos_url":"https://api.github.com/users/AlexMath23/repos","events_url":"https://api.github.com/users/AlexMath23/events{/privacy}","received_events_url":"https://api.github.com/users/AlexMath23/received_events","type":"User","site_admin":false,"name":null,"company":null,"blog":"","location":null,"email":null,"hireable":null,"bio":null,"twitter_username":null,"public_repos":2,"public_gists":0,"followers":0,"following":0,"created_at":"2021-04-05T16:19:19Z","updated_at":"2023-11-20T19:28:02Z","private_gists":0,"total_private_repos":2,"owned_private_repos":2,"disk_usage":7323,"collaborators":0,"two_factor_authentication":false,"plan":{"name":"free","space":976562499,"collaborators":0,"private_repos":10000}}
[info] 
[info] ✔  Success! Logged into GitHub as AlexMath23 
[info] 
